[debug] [2023-02-26T09:57:04.395Z] ----------------------------------------------------------------------
[debug] [2023-02-26T09:57:04.396Z] Command:       C:\Program Files\nodejs\node.exe C:\Users\Shamim\AppData\Roaming\npm\node_modules\firebase-tools\lib\bin\firebase.js init
[debug] [2023-02-26T09:57:04.397Z] CLI Version:   11.24.0
[debug] [2023-02-26T09:57:04.397Z] Platform:      win32
[debug] [2023-02-26T09:57:04.397Z] Node Version:  v16.14.0
[debug] [2023-02-26T09:57:04.402Z] Time:          Sun Feb 26 2023 15:57:04 GMT+0600 (Bangladesh Standard Time)
[debug] [2023-02-26T09:57:04.402Z] ----------------------------------------------------------------------
[debug] 
[debug] [2023-02-26T09:57:04.477Z] > command requires scopes: ["email","openid","https://www.googleapis.com/auth/cloudplatformprojects.readonly","https://www.googleapis.com/auth/firebase","https://www.googleapis.com/auth/cloud-platform"]
[debug] [2023-02-26T09:57:04.478Z] > authorizing via signed-in user (developer.shamimhosen@gmail.com)
[info] 
     ######## #### ########  ######## ########     ###     ######  ########
     ##        ##  ##     ## ##       ##     ##  ##   ##  ##       ##
     ######    ##  ########  ######   ########  #########  ######  ######
     ##        ##  ##    ##  ##       ##     ## ##     ##       ## ##
     ##       #### ##     ## ######## ########  ##     ##  ######  ########

You're about to initialize a Firebase project in this directory:

  F:\Company Projects\Anonymous-Feedback-Client

Before we get started, keep in mind:

  * You are initializing within an existing Firebase project directory

[info] 
=== Project Setup
[info] 
[info] First, let's associate this project directory with a Firebase project.
[info] You can create multiple project aliases by running firebase use --add, 
[info] but for now we'll just set up a default project.
[info] 
[debug] [2023-02-26T09:57:13.696Z] Using project from CLI flag: anonymous-feedback
[debug] [2023-02-26T09:57:13.698Z] > refreshing access token with scopes: []
[debug] [2023-02-26T09:57:13.710Z] >>> [apiv2][query] POST https://www.googleapis.com/oauth2/v3/token [none]
[debug] [2023-02-26T09:57:13.710Z] >>> [apiv2][body] POST https://www.googleapis.com/oauth2/v3/token [omitted]
[debug] [2023-02-26T09:57:14.149Z] <<< [apiv2][status] POST https://www.googleapis.com/oauth2/v3/token 400
[debug] [2023-02-26T09:57:14.149Z] <<< [apiv2][body] POST https://www.googleapis.com/oauth2/v3/token [omitted]
[debug] [2023-02-26T09:57:14.149Z] >>> [apiv2][query] GET https://firebase.googleapis.com/v1beta1/projects/anonymous-feedback [none]
[debug] [2023-02-26T09:57:14.798Z] <<< [apiv2][status] GET https://firebase.googleapis.com/v1beta1/projects/anonymous-feedback 401
[debug] [2023-02-26T09:57:14.799Z] <<< [apiv2][body] GET https://firebase.googleapis.com/v1beta1/projects/anonymous-feedback {"error":{"code":401,"message":"Request had invalid authentication credentials. Expected OAuth 2 access token, login cookie or other valid authentication credential. See https://developers.google.com/identity/sign-in/web/devconsole-project.","status":"UNAUTHENTICATED"}}
[debug] [2023-02-26T09:57:14.800Z] HTTP Error: 401, Request had invalid authentication credentials. Expected OAuth 2 access token, login cookie or other valid authentication credential. See https://developers.google.com/identity/sign-in/web/devconsole-project.
[debug] [2023-02-26T09:57:15.221Z] FirebaseError: HTTP Error: 401, Request had invalid authentication credentials. Expected OAuth 2 access token, login cookie or other valid authentication credential. See https://developers.google.com/identity/sign-in/web/devconsole-project.
    at responseToError (C:\Users\Shamim\AppData\Roaming\npm\node_modules\firebase-tools\lib\responseToError.js:49:12)
    at RetryOperation._fn (C:\Users\Shamim\AppData\Roaming\npm\node_modules\firebase-tools\lib\apiv2.js:288:77)
    at processTicksAndRejections (node:internal/process/task_queues:96:5)
[error] 
[error] Error: Failed to get Firebase project anonymous-feedback. Please make sure the project exists and your account has permission to access it.
